<?xml version="1.0" encoding="UTF-8"?>
<!-- Generated by org.testng.reporters.JUnitReportReporter -->
<testsuite skipped="0" hostname="ROHINI-LNV" name="com.homedepot.TestCases.HomeScreenTest" tests="1" failures="0" timestamp="15 Apr 2021 17:52:29 GMT" time="34.918" errors="0">
  <testcase name="searchanitem_tc002" time="34.918" classname="com.homedepot.TestCases.HomeScreenTest"/>
</testsuite> <!-- com.homedepot.TestCases.HomeScreenTest -->
