<?xml version="1.0" encoding="UTF-8"?>
<!-- Generated by org.testng.reporters.JUnitReportReporter -->
<testsuite skipped="0" hostname="ROHINI-LNV" name="com.homedepot.TestCases.HomeScreenTest" tests="1" failures="0" timestamp="15 Apr 2021 18:01:15 GMT" time="31.789" errors="0">
  <testcase name="searchanitem_tc002" time="31.789" classname="com.homedepot.TestCases.HomeScreenTest"/>
</testsuite> <!-- com.homedepot.TestCases.HomeScreenTest -->
