<?xml version="1.0" encoding="UTF-8"?>
<!-- Generated by org.testng.reporters.JUnitReportReporter -->
<testsuite skipped="0" hostname="ROHINI-LNV" name="com.homedepot.TestCases.HomeScreenTest" tests="1" failures="0" timestamp="15 Apr 2021 18:09:19 GMT" time="23.138" errors="0">
  <testcase name="login_001" time="23.138" classname="com.homedepot.TestCases.HomeScreenTest"/>
</testsuite> <!-- com.homedepot.TestCases.HomeScreenTest -->
